Warning 203 : unknow tag: meat
Warning 206 : unknow tag: meat
Warning 482 : unknow tag: Amerika
Warning 491 : unknow tag: steak
Warning 494 : unknow tag: steak
Warning 566 : unknow tag: sport
Warning 788 : unknow tag: soccer
Warning 5963 : unknow tag: insurance
Warning 22778 : unknow tag: bowling
Warning 24275 : unknow tag: weightlifting
Warning 43826 : unknow tag: flight
Warning 51245 : unknow tag: weightlifting
Warning 56072 : unknow tag: chess
Warning 68492 : unknow tag: game
Warning 69038 : unknow tag: chess
Warning 74009 : unknow tag: insurance
Warning 125129 : unknow tag: meat
Warning 137627 : unknow tag: printing
Warning 139418 : unknow tag: swimming
Warning 140009 : unknow tag: gymnastics
Warning 155042 : unknow tag: bridge
Warning 182318 : unknow tag: soccer
Warning 187859 : unknow tag: bridge
Warning 187931 : unknow tag: boxing
Warning 223271 : unknow tag: bridge
Warning 228695 : unknow tag: soccer
Warning 254513 : unknow tag: chess
Warning 254882 : unknow tag: cooking
Warning 262154 : unknow tag: boxing
Warning 268490 : unknow tag: meat
Warning 277925 : unknow tag: meat
Warning 294131 : unknow tag: chess
Warning 332693 : unknow tag: meat
Warning 336368 : unknow tag: basketball
Warning 359378 : unknow tag: tax
Warning 360404 : unknow tag: insurance
Warning 372947 : unknow tag: soccer
Warning 375407 : unknow tag: soccer
Warning 380087 : unknow tag: volleyball
Warning 410960 : unknow tag: radio, TV
Warning 411737 : unknow tag: investment
Warning 412730 : unknow tag: bowling
Warning 467846 : unknow tag: bridge
Warning 472799 : unknow tag: gymnastics
Warning 484541 : unknow tag: travel
Warning 492233 : unknow tag: chess
Warning 521081 : unknow tag: taste
Warning 527315 : unknow tag: meat
Warning 567164 : unknow tag: bridge
Over
glossary.id-en wordcount: 191073
